#-----------------------------------------------------------
# Vivado v2019.2 (64-bit)
# SW Build 2708876 on Wed Nov  6 21:40:23 MST 2019
# IP Build 2700528 on Thu Nov  7 00:09:20 MST 2019
# Start of session at: Wed Aug 31 14:26:45 2022
# Process ID: 2964
# Current directory: D:/LAB/BIT-Hardware-Experiment/flow-line-cpu
# Command line: vivado.exe -gui_launcher_event rodinguilauncherevent12624 D:\LAB\BIT-Hardware-Experiment\flow-line-cpu\flow-line-cpu.xpr
# Log file: D:/LAB/BIT-Hardware-Experiment/flow-line-cpu/vivado.log
# Journal file: D:/LAB/BIT-Hardware-Experiment/flow-line-cpu\vivado.jou
#-----------------------------------------------------------
start_gui
open_project D:/LAB/BIT-Hardware-Experiment/flow-line-cpu/flow-line-cpu.xpr
INFO: [Project 1-313] Project file moved from 'D:/LAB/cpu/flow-line-cpu' since last save.
Scanning sources...
Finished scanning sources
INFO: [IP_Flow 19-234] Refreshing IP repositories
INFO: [IP_Flow 19-1704] No user IP repositories specified
INFO: [IP_Flow 19-2313] Loaded Vivado IP repository 'C:/Xilinx/Vivado/2019.2/data/ip'.
WARNING: [IP_Flow 19-3664] IP 'data_buf' generated file not found 'd:/LAB/BIT-Hardware-Experiment/flow-line-cpu/flow-line-cpu.srcs/sources_1/ip/data_buf/data_buf.dcp'. Please regenerate to continue.
WARNING: [IP_Flow 19-3664] IP 'data_buf' generated file not found 'd:/LAB/BIT-Hardware-Experiment/flow-line-cpu/flow-line-cpu.srcs/sources_1/ip/data_buf/data_buf_stub.v'. Please regenerate to continue.
WARNING: [IP_Flow 19-3664] IP 'data_buf' generated file not found 'd:/LAB/BIT-Hardware-Experiment/flow-line-cpu/flow-line-cpu.srcs/sources_1/ip/data_buf/data_buf_stub.vhdl'. Please regenerate to continue.
WARNING: [IP_Flow 19-3664] IP 'data_buf' generated file not found 'd:/LAB/BIT-Hardware-Experiment/flow-line-cpu/flow-line-cpu.srcs/sources_1/ip/data_buf/data_buf_sim_netlist.v'. Please regenerate to continue.
WARNING: [IP_Flow 19-3664] IP 'data_buf' generated file not found 'd:/LAB/BIT-Hardware-Experiment/flow-line-cpu/flow-line-cpu.srcs/sources_1/ip/data_buf/data_buf_sim_netlist.vhdl'. Please regenerate to continue.
