#-----------------------------------------------------------
# Vivado v2019.2 (64-bit)
# SW Build 2708876 on Wed Nov  6 21:40:23 MST 2019
# IP Build 2700528 on Thu Nov  7 00:09:20 MST 2019
# Start of session at: Fri Aug 19 10:15:42 2022
# Process ID: 29572
# Current directory: D:/LAB/single-cycle-cpu/single_cycle_cpu
# Command line: vivado.exe -gui_launcher_event rodinguilauncherevent20992 D:\LAB\single-cycle-cpu\single_cycle_cpu\single_cycle_cpu.xpr
# Log file: D:/LAB/single-cycle-cpu/single_cycle_cpu/vivado.log
# Journal file: D:/LAB/single-cycle-cpu/single_cycle_cpu\vivado.jou
#-----------------------------------------------------------
start_gui
open_project D:/LAB/single-cycle-cpu/single_cycle_cpu/single_cycle_cpu.xpr
Scanning sources...
Finished scanning sources
INFO: [IP_Flow 19-234] Refreshing IP repositories
INFO: [IP_Flow 19-1704] No user IP repositories specified
INFO: [IP_Flow 19-2313] Loaded Vivado IP repository 'C:/Xilinx/Vivado/2019.2/data/ip'.
launch_simulation
Command: launch_simulation 
INFO: [Vivado 12-5682] Launching behavioral simulation in 'D:/LAB/single-cycle-cpu/single_cycle_cpu/single_cycle_cpu.sim/sim_1/behav/xsim'
INFO: [SIM-utils-51] Simulation object is 'sim_1'
INFO: [SIM-utils-54] Inspecting design source files for 'testbench' in fileset 'sim_1'...
INFO: [USF-XSim-97] Finding global include files...
INFO: [USF-XSim-100] Fetching design files from 'sources_1'...(this may take a while)...
INFO: [USF-XSim-101] Fetching design files from 'sim_1'...
INFO: [USF-XSim-2] XSim::Compile design
INFO: [USF-XSim-61] Executing 'COMPILE and ANALYZE' step in 'D:/LAB/single-cycle-cpu/single_cycle_cpu/single_cycle_cpu.sim/sim_1/behav/xsim'
"xvlog --incr --relax -prj testbench_vlog.prj"
INFO: [USF-XSim-69] 'compile' step finished in '2' seconds
INFO: [USF-XSim-3] XSim::Elaborate design
INFO: [USF-XSim-61] Executing 'ELABORATE' step in 'D:/LAB/single-cycle-cpu/single_cycle_cpu/single_cycle_cpu.sim/sim_1/behav/xsim'
"xelab -wto 4bd7aad4cfaf41998532e3eb517dbd07 --incr --debug typical --relax --mt 2 -L xil_defaultlib -L unisims_ver -L unimacro_ver -L secureip --snapshot testbench_behav xil_defaultlib.testbench xil_defaultlib.glbl -log elaborate.log"
Vivado Simulator 2019.2
Copyright 1986-1999, 2001-2019 Xilinx, Inc. All Rights Reserved.
Running: C:/Xilinx/Vivado/2019.2/bin/unwrapped/win64.o/xelab.exe -wto 4bd7aad4cfaf41998532e3eb517dbd07 --incr --debug typical --relax --mt 2 -L xil_defaultlib -L unisims_ver -L unimacro_ver -L secureip --snapshot testbench_behav xil_defaultlib.testbench xil_defaultlib.glbl -log elaborate.log 
Using 2 slave threads.
Starting static elaboration
Pass Through NonSizing Optimizer
WARNING: [VRFC 10-3091] actual bit length 5 differs from formal bit length 32 for port 'rt_addr' [D:/LAB/single-cycle-cpu/single_cycle_cpu/single_cycle_cpu.srcs/sources_1/new/single_cycle_cpu.v:94]
WARNING: [VRFC 10-3091] actual bit length 5 differs from formal bit length 32 for port 'rd_addr' [D:/LAB/single-cycle-cpu/single_cycle_cpu/single_cycle_cpu.srcs/sources_1/new/single_cycle_cpu.v:95]
Completed static elaboration
INFO: [XSIM 43-4323] No Change in HDL. Linking previously generated obj files to create kernel
INFO: [USF-XSim-69] 'elaborate' step finished in '3' seconds
INFO: [USF-XSim-4] XSim::Simulate design
INFO: [USF-XSim-61] Executing 'SIMULATE' step in 'D:/LAB/single-cycle-cpu/single_cycle_cpu/single_cycle_cpu.sim/sim_1/behav/xsim'
INFO: [USF-XSim-98] *** Running xsim
   with args "testbench_behav -key {Behavioral:sim_1:Functional:testbench} -tclbatch {testbench.tcl} -log {simulate.log}"
INFO: [USF-XSim-8] Loading simulator feature
Vivado Simulator 2019.2
Time resolution is 1 ps
source testbench.tcl
# set curr_wave [current_wave_config]
# if { [string length $curr_wave] == 0 } {
#   if { [llength [get_objects]] > 0} {
#     add_wave /
#     set_property needs_save false [current_wave_config]
#   } else {
#      send_msg_id Add_Wave-1 WARNING "No top level signals found. Simulator will start without a wave window. If you want to open a wave window go to 'File->New Waveform Configuration' or type 'create_wave_config' in the TCL console."
#   }
# }
# run 1000ns
ERROR: Illegal binary digit 'ÿ' found in data of file "D:/LAB/single-cycle-cpu/single_cycle_cpu/inst.txt"
INFO: [Common 17-41] Interrupt caught. Command should exit soon.
