#-----------------------------------------------------------
# Vivado v2019.2 (64-bit)
# SW Build 2708876 on Wed Nov  6 21:40:23 MST 2019
# IP Build 2700528 on Thu Nov  7 00:09:20 MST 2019
# Start of session at: Wed Aug 24 09:04:40 2022
# Process ID: 26252
# Current directory: D:/LAB/cpu/single_cycle_cpu
# Command line: vivado.exe -gui_launcher_event rodinguilauncherevent15808 D:\LAB\cpu\single_cycle_cpu\single_cycle_cpu.xpr
# Log file: D:/LAB/cpu/single_cycle_cpu/vivado.log
# Journal file: D:/LAB/cpu/single_cycle_cpu\vivado.jou
#-----------------------------------------------------------
start_gui
open_project D:/LAB/cpu/single_cycle_cpu/single_cycle_cpu.xpr
INFO: [Project 1-313] Project file moved from 'D:/LAB/single-cycle-cpu/single_cycle_cpu' since last save.
Scanning sources...
Finished scanning sources
INFO: [IP_Flow 19-234] Refreshing IP repositories
INFO: [IP_Flow 19-1704] No user IP repositories specified
INFO: [IP_Flow 19-2313] Loaded Vivado IP repository 'C:/Xilinx/Vivado/2019.2/data/ip'.
exit
INFO: [Common 17-206] Exiting Vivado at Wed Aug 24 09:05:20 2022...
